<?xml version="1.0" encoding="UTF-8"?>
<TestRun id="b3000a8d-b783-4883-b98b-aa262495e811" name="Administrator@618-0152 2012-12-12 19:03:10" runUser="618-0152\Administrator" xmlns="http://microsoft.com/schemas/VisualStudio/TeamTest/2010">
  <TestSettings name="Local" id="f72ca1e8-7912-40e1-8c7d-7bd7b61f348f">
    <Description>These are default test settings for a local test run.</Description>
    <Deployment enabled="false" runDeploymentRoot="Administrator_618-0152 2012-12-12 19_03_10">
      <DeploymentItem filename="E:\POCO\EknowIDData\bin\Debug\EknowIDData.dll" />
      <DeploymentItem filename="E:\POCO\EknowIDModel\bin\Debug\EknowIDModel.dll" />
    </Deployment>
    <Execution>
      <TestTypeSpecific />
      <AgentRule name="Execution Agents">
      </AgentRule>
    </Execution>
  </TestSettings>
  <Times creation="2012-12-12T19:03:10.1538332+05:30" queuing="2012-12-12T19:03:10.8949918+05:30" start="2012-12-12T19:03:10.9880543+05:30" finish="2012-12-12T19:03:54.9649133+05:30" />
  <ResultSummary outcome="Error">
    <Counters total="1" executed="1" error="0" failed="0" timeout="0" aborted="1" inconclusive="0" passedButRunAborted="0" notRunnable="0" notExecuted="0" disconnected="0" warning="0" passed="0" completed="0" inProgress="0" pending="0" />
    <RunInfos>
      <RunInfo computerName="618-0152" outcome="Error" timestamp="2012-12-12T19:03:54.9639121+05:30">
        <Text>Test host process exited unexpectedly.</Text>
      </RunInfo>
    </RunInfos>
  </ResultSummary>
  <TestDefinitions>
    <UnitTest name="TestMethod1" storage="e:\poco\eknowidtest\bin\debug\eknowidtest.dll" id="182120cd-1d15-a636-3799-241608799279">
      <Execution id="47ecac2c-5ea4-449a-93d4-ad449886e099" />
      <TestMethod codeBase="E:/POCO/EknowIDTest/bin/Debug/EknowIDTest.DLL" adapterTypeName="Microsoft.VisualStudio.TestTools.TestTypes.Unit.UnitTestAdapter, Microsoft.VisualStudio.QualityTools.Tips.UnitTest.Adapter, Version=10.0.0.0, Culture=neutral, PublicKeyToken=b03f5f7f11d50a3a" className="EknowIDTest.UnitTest1, EknowIDTest, Version=1.0.0.0, Culture=neutral, PublicKeyToken=null" name="TestMethod1" />
    </UnitTest>
  </TestDefinitions>
  <TestLists>
    <TestList name="Results Not in a List" id="8c84fa94-04c1-424b-9868-57a2d4851a1d" />
    <TestList name="All Loaded Results" id="19431567-8539-422a-85d7-44ee4e166bda" />
  </TestLists>
  <TestEntries>
    <TestEntry testId="182120cd-1d15-a636-3799-241608799279" executionId="47ecac2c-5ea4-449a-93d4-ad449886e099" testListId="8c84fa94-04c1-424b-9868-57a2d4851a1d" />
  </TestEntries>
  <Results>
    <UnitTestResult executionId="47ecac2c-5ea4-449a-93d4-ad449886e099" testId="182120cd-1d15-a636-3799-241608799279" testName="TestMethod1" computerName="618-0152" duration="00:00:43.8948050" startTime="2012-12-12T19:03:11.0701083+05:30" endTime="2012-12-12T19:03:54.9649133+05:30" testType="13cdc9d9-ddb5-4fa4-a97d-d965ccfc6d4b" outcome="Aborted" testListId="8c84fa94-04c1-424b-9868-57a2d4851a1d" relativeResultsDirectory="47ecac2c-5ea4-449a-93d4-ad449886e099">
    </UnitTestResult>
  </Results>
</TestRun>