<?xml version="1.0" encoding="UTF-8"?>
<TestRun id="11aad2e1-d955-4996-ba5b-37eef9b0851a" name="Administrator@618-0152 2012-12-12 19:39:47" runUser="618-0152\Administrator" xmlns="http://microsoft.com/schemas/VisualStudio/TeamTest/2010">
  <TestSettings name="Local" id="f72ca1e8-7912-40e1-8c7d-7bd7b61f348f">
    <Description>These are default test settings for a local test run.</Description>
    <Deployment enabled="false" runDeploymentRoot="Administrator_618-0152 2012-12-12 19_39_47">
      <DeploymentItem filename="E:\POCO\EknowIDData\bin\Debug\EknowIDData.dll" />
      <DeploymentItem filename="E:\POCO\EknowIDModel\bin\Debug\EknowIDModel.dll" />
    </Deployment>
    <Execution>
      <TestTypeSpecific />
      <AgentRule name="Execution Agents">
      </AgentRule>
    </Execution>
  </TestSettings>
  <Times creation="2012-12-12T19:39:47.1249740+05:30" queuing="2012-12-12T19:39:47.7098937+05:30" start="2012-12-12T19:39:47.7509206+05:30" finish="2012-12-12T19:39:48.6001945+05:30" />
  <ResultSummary outcome="Completed">
    <Counters total="6" executed="6" passed="6" error="0" failed="0" timeout="0" aborted="0" inconclusive="0" passedButRunAborted="0" notRunnable="0" notExecuted="0" disconnected="0" warning="0" completed="0" inProgress="0" pending="0" />
  </ResultSummary>
  <TestDefinitions>
    <UnitTest name="GetStates" storage="e:\poco\eknowidtest\bin\debug\eknowidtest.dll" id="3891f2a6-d55a-a4ea-b69d-49bb6782b390">
      <Execution id="4d4df46b-0a11-4008-83b0-7006d038090b" />
      <TestMethod codeBase="E:/POCO/EknowIDTest/bin/Debug/EknowIDTest.DLL" adapterTypeName="Microsoft.VisualStudio.TestTools.TestTypes.Unit.UnitTestAdapter, Microsoft.VisualStudio.QualityTools.Tips.UnitTest.Adapter, Version=10.0.0.0, Culture=neutral, PublicKeyToken=b03f5f7f11d50a3a" className="EknowIDTest.UnitTest1, EknowIDTest, Version=1.0.0.0, Culture=neutral, PublicKeyToken=null" name="GetStates" />
    </UnitTest>
    <UnitTest name="GetProfessions" storage="e:\poco\eknowidtest\bin\debug\eknowidtest.dll" id="90ca8dc8-4eab-2d88-0476-e5a2646900cb">
      <Execution id="d283b668-aae5-4a19-b0cc-f8fc95fe9103" />
      <TestMethod codeBase="E:/POCO/EknowIDTest/bin/Debug/EknowIDTest.DLL" adapterTypeName="Microsoft.VisualStudio.TestTools.TestTypes.Unit.UnitTestAdapter, Microsoft.VisualStudio.QualityTools.Tips.UnitTest.Adapter, Version=10.0.0.0, Culture=neutral, PublicKeyToken=b03f5f7f11d50a3a" className="EknowIDTest.UnitTest1, EknowIDTest, Version=1.0.0.0, Culture=neutral, PublicKeyToken=null" name="GetProfessions" />
    </UnitTest>
    <UnitTest name="GetReports" storage="e:\poco\eknowidtest\bin\debug\eknowidtest.dll" id="7541b136-d005-1891-d3da-31ed10bfdab1">
      <Execution id="4a46d609-54ca-4674-9147-7c017d694112" />
      <TestMethod codeBase="E:/POCO/EknowIDTest/bin/Debug/EknowIDTest.DLL" adapterTypeName="Microsoft.VisualStudio.TestTools.TestTypes.Unit.UnitTestAdapter, Microsoft.VisualStudio.QualityTools.Tips.UnitTest.Adapter, Version=10.0.0.0, Culture=neutral, PublicKeyToken=b03f5f7f11d50a3a" className="EknowIDTest.UnitTest1, EknowIDTest, Version=1.0.0.0, Culture=neutral, PublicKeyToken=null" name="GetReports" />
    </UnitTest>
    <UnitTest name="GetAccountRef" storage="e:\poco\eknowidtest\bin\debug\eknowidtest.dll" id="ef223821-d864-ab6a-9926-54ac297fc1cf">
      <Execution id="7ffafc71-0c8e-4962-afd6-6df606b28f47" />
      <TestMethod codeBase="E:/POCO/EknowIDTest/bin/Debug/EknowIDTest.DLL" adapterTypeName="Microsoft.VisualStudio.TestTools.TestTypes.Unit.UnitTestAdapter, Microsoft.VisualStudio.QualityTools.Tips.UnitTest.Adapter, Version=10.0.0.0, Culture=neutral, PublicKeyToken=b03f5f7f11d50a3a" className="EknowIDTest.UnitTest1, EknowIDTest, Version=1.0.0.0, Culture=neutral, PublicKeyToken=null" name="GetAccountRef" />
    </UnitTest>
    <UnitTest name="GetUsers" storage="e:\poco\eknowidtest\bin\debug\eknowidtest.dll" id="d4f6662f-fcda-4eb6-9adb-c7017f79ec0a">
      <Execution id="2e3dcead-4d30-4e4a-a3a8-b515694bbd5d" />
      <TestMethod codeBase="E:/POCO/EknowIDTest/bin/Debug/EknowIDTest.DLL" adapterTypeName="Microsoft.VisualStudio.TestTools.TestTypes.Unit.UnitTestAdapter, Microsoft.VisualStudio.QualityTools.Tips.UnitTest.Adapter, Version=10.0.0.0, Culture=neutral, PublicKeyToken=b03f5f7f11d50a3a" className="EknowIDTest.UnitTest1, EknowIDTest, Version=1.0.0.0, Culture=neutral, PublicKeyToken=null" name="GetUsers" />
    </UnitTest>
    <UnitTest name="GetPlans" storage="e:\poco\eknowidtest\bin\debug\eknowidtest.dll" id="d4128b70-8d2a-20d8-b8d4-d70dea5e2ffb">
      <Execution id="7a143f8d-a9de-4486-9805-e0d5a87c80be" />
      <TestMethod codeBase="E:/POCO/EknowIDTest/bin/Debug/EknowIDTest.DLL" adapterTypeName="Microsoft.VisualStudio.TestTools.TestTypes.Unit.UnitTestAdapter, Microsoft.VisualStudio.QualityTools.Tips.UnitTest.Adapter, Version=10.0.0.0, Culture=neutral, PublicKeyToken=b03f5f7f11d50a3a" className="EknowIDTest.UnitTest1, EknowIDTest, Version=1.0.0.0, Culture=neutral, PublicKeyToken=null" name="GetPlans" />
    </UnitTest>
  </TestDefinitions>
  <TestLists>
    <TestList name="Results Not in a List" id="8c84fa94-04c1-424b-9868-57a2d4851a1d" />
    <TestList name="All Loaded Results" id="19431567-8539-422a-85d7-44ee4e166bda" />
  </TestLists>
  <TestEntries>
    <TestEntry testId="d4128b70-8d2a-20d8-b8d4-d70dea5e2ffb" executionId="7a143f8d-a9de-4486-9805-e0d5a87c80be" testListId="8c84fa94-04c1-424b-9868-57a2d4851a1d" />
    <TestEntry testId="90ca8dc8-4eab-2d88-0476-e5a2646900cb" executionId="d283b668-aae5-4a19-b0cc-f8fc95fe9103" testListId="8c84fa94-04c1-424b-9868-57a2d4851a1d" />
    <TestEntry testId="7541b136-d005-1891-d3da-31ed10bfdab1" executionId="4a46d609-54ca-4674-9147-7c017d694112" testListId="8c84fa94-04c1-424b-9868-57a2d4851a1d" />
    <TestEntry testId="3891f2a6-d55a-a4ea-b69d-49bb6782b390" executionId="4d4df46b-0a11-4008-83b0-7006d038090b" testListId="8c84fa94-04c1-424b-9868-57a2d4851a1d" />
    <TestEntry testId="ef223821-d864-ab6a-9926-54ac297fc1cf" executionId="7ffafc71-0c8e-4962-afd6-6df606b28f47" testListId="8c84fa94-04c1-424b-9868-57a2d4851a1d" />
    <TestEntry testId="d4f6662f-fcda-4eb6-9adb-c7017f79ec0a" executionId="2e3dcead-4d30-4e4a-a3a8-b515694bbd5d" testListId="8c84fa94-04c1-424b-9868-57a2d4851a1d" />
  </TestEntries>
  <Results>
    <UnitTestResult executionId="7a143f8d-a9de-4486-9805-e0d5a87c80be" testId="d4128b70-8d2a-20d8-b8d4-d70dea5e2ffb" testName="GetPlans" computerName="618-0152" duration="00:00:00.3585797" startTime="2012-12-12T19:39:47.7929486+05:30" endTime="2012-12-12T19:39:48.4820062+05:30" testType="13cdc9d9-ddb5-4fa4-a97d-d965ccfc6d4b" outcome="Passed" testListId="8c84fa94-04c1-424b-9868-57a2d4851a1d" relativeResultsDirectory="7a143f8d-a9de-4486-9805-e0d5a87c80be">
    </UnitTestResult>
    <UnitTestResult executionId="d283b668-aae5-4a19-b0cc-f8fc95fe9103" testId="90ca8dc8-4eab-2d88-0476-e5a2646900cb" testName="GetProfessions" computerName="618-0152" duration="00:00:00.0031786" startTime="2012-12-12T19:39:48.4870091+05:30" endTime="2012-12-12T19:39:48.4950704+05:30" testType="13cdc9d9-ddb5-4fa4-a97d-d965ccfc6d4b" outcome="Passed" testListId="8c84fa94-04c1-424b-9868-57a2d4851a1d" relativeResultsDirectory="d283b668-aae5-4a19-b0cc-f8fc95fe9103">
    </UnitTestResult>
    <UnitTestResult executionId="4a46d609-54ca-4674-9147-7c017d694112" testId="7541b136-d005-1891-d3da-31ed10bfdab1" testName="GetReports" computerName="618-0152" duration="00:00:00.0024499" startTime="2012-12-12T19:39:48.4990743+05:30" endTime="2012-12-12T19:39:48.5051293+05:30" testType="13cdc9d9-ddb5-4fa4-a97d-d965ccfc6d4b" outcome="Passed" testListId="8c84fa94-04c1-424b-9868-57a2d4851a1d" relativeResultsDirectory="4a46d609-54ca-4674-9147-7c017d694112">
    </UnitTestResult>
    <UnitTestResult executionId="4d4df46b-0a11-4008-83b0-7006d038090b" testId="3891f2a6-d55a-a4ea-b69d-49bb6782b390" testName="GetStates" computerName="618-0152" duration="00:00:00.0023926" startTime="2012-12-12T19:39:48.5091337+05:30" endTime="2012-12-12T19:39:48.5141368+05:30" testType="13cdc9d9-ddb5-4fa4-a97d-d965ccfc6d4b" outcome="Passed" testListId="8c84fa94-04c1-424b-9868-57a2d4851a1d" relativeResultsDirectory="4d4df46b-0a11-4008-83b0-7006d038090b">
    </UnitTestResult>
    <UnitTestResult executionId="7ffafc71-0c8e-4962-afd6-6df606b28f47" testId="ef223821-d864-ab6a-9926-54ac297fc1cf" testName="GetAccountRef" computerName="618-0152" duration="00:00:00.0016460" startTime="2012-12-12T19:39:48.5181401+05:30" endTime="2012-12-12T19:39:48.5231436+05:30" testType="13cdc9d9-ddb5-4fa4-a97d-d965ccfc6d4b" outcome="Passed" testListId="8c84fa94-04c1-424b-9868-57a2d4851a1d" relativeResultsDirectory="7ffafc71-0c8e-4962-afd6-6df606b28f47">
    </UnitTestResult>
    <UnitTestResult executionId="2e3dcead-4d30-4e4a-a3a8-b515694bbd5d" testId="d4f6662f-fcda-4eb6-9adb-c7017f79ec0a" testName="GetUsers" computerName="618-0152" duration="00:00:00.0033123" startTime="2012-12-12T19:39:48.5271457+05:30" endTime="2012-12-12T19:39:48.5331506+05:30" testType="13cdc9d9-ddb5-4fa4-a97d-d965ccfc6d4b" outcome="Passed" testListId="8c84fa94-04c1-424b-9868-57a2d4851a1d" relativeResultsDirectory="2e3dcead-4d30-4e4a-a3a8-b515694bbd5d">
    </UnitTestResult>
  </Results>
</TestRun>