<?xml version="1.0" encoding="UTF-8"?>
<TestRun id="1ef149d4-e1f0-4834-9296-a8e12789ed31" name="Administrator@618-0152 2012-12-12 19:05:54" runUser="618-0152\Administrator" xmlns="http://microsoft.com/schemas/VisualStudio/TeamTest/2010">
  <TestSettings name="Local" id="f72ca1e8-7912-40e1-8c7d-7bd7b61f348f">
    <Description>These are default test settings for a local test run.</Description>
    <Deployment enabled="false" runDeploymentRoot="Administrator_618-0152 2012-12-12 19_05_54">
      <DeploymentItem filename="E:\POCO\EknowIDData\bin\Debug\EknowIDData.dll" />
      <DeploymentItem filename="E:\POCO\EknowIDModel\bin\Debug\EknowIDModel.dll" />
    </Deployment>
    <Execution>
      <TestTypeSpecific />
      <AgentRule name="Execution Agents">
      </AgentRule>
    </Execution>
  </TestSettings>
  <Times creation="2012-12-12T19:05:54.9736652+05:30" queuing="2012-12-12T19:05:55.6423102+05:30" start="2012-12-12T19:05:55.7213621+05:30" finish="2012-12-12T19:06:12.0054680+05:30" />
  <ResultSummary outcome="Error">
    <Counters total="2" executed="2" passed="1" error="0" failed="0" timeout="0" aborted="1" inconclusive="0" passedButRunAborted="0" notRunnable="0" notExecuted="0" disconnected="0" warning="0" completed="0" inProgress="0" pending="0" />
    <RunInfos>
      <RunInfo computerName="618-0152" outcome="Error" timestamp="2012-12-12T19:06:12.0054680+05:30">
        <Text>Test host process exited unexpectedly.</Text>
      </RunInfo>
    </RunInfos>
  </ResultSummary>
  <TestDefinitions>
    <UnitTest name="GetProfessions" storage="e:\poco\eknowidtest\bin\debug\eknowidtest.dll" id="90ca8dc8-4eab-2d88-0476-e5a2646900cb">
      <Execution id="9d62f5c8-546f-406f-b7a2-230f8f1c0df9" />
      <TestMethod codeBase="E:/POCO/EknowIDTest/bin/Debug/EknowIDTest.DLL" adapterTypeName="Microsoft.VisualStudio.TestTools.TestTypes.Unit.UnitTestAdapter, Microsoft.VisualStudio.QualityTools.Tips.UnitTest.Adapter, Version=10.0.0.0, Culture=neutral, PublicKeyToken=b03f5f7f11d50a3a" className="EknowIDTest.UnitTest1, EknowIDTest, Version=1.0.0.0, Culture=neutral, PublicKeyToken=null" name="GetProfessions" />
    </UnitTest>
    <UnitTest name="GetPlans" storage="e:\poco\eknowidtest\bin\debug\eknowidtest.dll" id="d4128b70-8d2a-20d8-b8d4-d70dea5e2ffb">
      <Execution id="4c535429-8b98-4b2a-ab00-eac35f81f116" />
      <TestMethod codeBase="E:/POCO/EknowIDTest/bin/Debug/EknowIDTest.DLL" adapterTypeName="Microsoft.VisualStudio.TestTools.TestTypes.Unit.UnitTestAdapter, Microsoft.VisualStudio.QualityTools.Tips.UnitTest.Adapter, Version=10.0.0.0, Culture=neutral, PublicKeyToken=b03f5f7f11d50a3a" className="EknowIDTest.UnitTest1, EknowIDTest, Version=1.0.0.0, Culture=neutral, PublicKeyToken=null" name="GetPlans" />
    </UnitTest>
  </TestDefinitions>
  <TestLists>
    <TestList name="Results Not in a List" id="8c84fa94-04c1-424b-9868-57a2d4851a1d" />
    <TestList name="All Loaded Results" id="19431567-8539-422a-85d7-44ee4e166bda" />
  </TestLists>
  <TestEntries>
    <TestEntry testId="d4128b70-8d2a-20d8-b8d4-d70dea5e2ffb" executionId="4c535429-8b98-4b2a-ab00-eac35f81f116" testListId="8c84fa94-04c1-424b-9868-57a2d4851a1d" />
    <TestEntry testId="90ca8dc8-4eab-2d88-0476-e5a2646900cb" executionId="9d62f5c8-546f-406f-b7a2-230f8f1c0df9" testListId="8c84fa94-04c1-424b-9868-57a2d4851a1d" />
  </TestEntries>
  <Results>
    <UnitTestResult executionId="4c535429-8b98-4b2a-ab00-eac35f81f116" testId="d4128b70-8d2a-20d8-b8d4-d70dea5e2ffb" testName="GetPlans" computerName="618-0152" duration="00:00:02.0375085" startTime="2012-12-12T19:05:55.7934111+05:30" endTime="2012-12-12T19:05:58.1802776+05:30" testType="13cdc9d9-ddb5-4fa4-a97d-d965ccfc6d4b" outcome="Passed" testListId="8c84fa94-04c1-424b-9868-57a2d4851a1d" relativeResultsDirectory="4c535429-8b98-4b2a-ab00-eac35f81f116">
    </UnitTestResult>
    <UnitTestResult executionId="9d62f5c8-546f-406f-b7a2-230f8f1c0df9" testId="90ca8dc8-4eab-2d88-0476-e5a2646900cb" testName="GetProfessions" computerName="618-0152" duration="00:00:13.8151840" startTime="2012-12-12T19:05:58.1902840+05:30" endTime="2012-12-12T19:06:12.0054680+05:30" testType="13cdc9d9-ddb5-4fa4-a97d-d965ccfc6d4b" outcome="Aborted" testListId="8c84fa94-04c1-424b-9868-57a2d4851a1d" relativeResultsDirectory="9d62f5c8-546f-406f-b7a2-230f8f1c0df9">
    </UnitTestResult>
  </Results>
</TestRun>