<?xml version="1.0" encoding="UTF-8"?>
<TestRun id="cb667380-2064-42f6-bde8-5b58e97b7fe3" name="Administrator@618-0152 2012-12-12 19:16:54" runUser="618-0152\Administrator" xmlns="http://microsoft.com/schemas/VisualStudio/TeamTest/2010">
  <TestSettings name="Local" id="f72ca1e8-7912-40e1-8c7d-7bd7b61f348f">
    <Description>These are default test settings for a local test run.</Description>
    <Deployment enabled="false" runDeploymentRoot="Administrator_618-0152 2012-12-12 19_16_54">
      <DeploymentItem filename="E:\POCO\EknowIDData\bin\Debug\EknowIDData.dll" />
      <DeploymentItem filename="E:\POCO\EknowIDModel\bin\Debug\EknowIDModel.dll" />
    </Deployment>
    <Execution>
      <TestTypeSpecific />
      <AgentRule name="Execution Agents">
      </AgentRule>
    </Execution>
  </TestSettings>
  <Times creation="2012-12-12T19:16:54.1489691+05:30" queuing="2012-12-12T19:16:54.6968131+05:30" start="2012-12-12T19:16:54.7358392+05:30" finish="2012-12-12T19:17:22.3579361+05:30" />
  <ResultSummary outcome="Error">
    <Counters total="4" executed="1" error="0" failed="0" timeout="0" aborted="1" inconclusive="0" passedButRunAborted="0" notRunnable="0" notExecuted="3" disconnected="0" warning="0" passed="0" completed="0" inProgress="0" pending="0" />
    <RunInfos>
      <RunInfo computerName="618-0152" outcome="Error" timestamp="2012-12-12T19:17:22.3569350+05:30">
        <Text>Test host process exited unexpectedly.</Text>
      </RunInfo>
    </RunInfos>
  </ResultSummary>
  <TestDefinitions>
    <UnitTest name="GetPlans" storage="e:\poco\eknowidtest\bin\debug\eknowidtest.dll" id="d4128b70-8d2a-20d8-b8d4-d70dea5e2ffb">
      <Execution id="5de44632-e1a3-4385-a446-2f94438438e4" />
      <TestMethod codeBase="E:/POCO/EknowIDTest/bin/Debug/EknowIDTest.DLL" adapterTypeName="Microsoft.VisualStudio.TestTools.TestTypes.Unit.UnitTestAdapter, Microsoft.VisualStudio.QualityTools.Tips.UnitTest.Adapter, Version=10.0.0.0, Culture=neutral, PublicKeyToken=b03f5f7f11d50a3a" className="EknowIDTest.UnitTest1, EknowIDTest, Version=1.0.0.0, Culture=neutral, PublicKeyToken=null" name="GetPlans" />
    </UnitTest>
    <UnitTest name="GetProfessions" storage="e:\poco\eknowidtest\bin\debug\eknowidtest.dll" id="90ca8dc8-4eab-2d88-0476-e5a2646900cb">
      <Execution id="6b34f9c5-ee6d-47d4-bea1-81deff00973e" />
      <TestMethod codeBase="E:/POCO/EknowIDTest/bin/Debug/EknowIDTest.DLL" adapterTypeName="Microsoft.VisualStudio.TestTools.TestTypes.Unit.UnitTestAdapter, Microsoft.VisualStudio.QualityTools.Tips.UnitTest.Adapter, Version=10.0.0.0, Culture=neutral, PublicKeyToken=b03f5f7f11d50a3a" className="EknowIDTest.UnitTest1, EknowIDTest, Version=1.0.0.0, Culture=neutral, PublicKeyToken=null" name="GetProfessions" />
    </UnitTest>
    <UnitTest name="GetUsers" storage="e:\poco\eknowidtest\bin\debug\eknowidtest.dll" id="d4f6662f-fcda-4eb6-9adb-c7017f79ec0a">
      <Execution id="fcfe1b51-5fa8-4aa5-9245-19c0492fdf1e" />
      <TestMethod codeBase="E:/POCO/EknowIDTest/bin/Debug/EknowIDTest.DLL" adapterTypeName="Microsoft.VisualStudio.TestTools.TestTypes.Unit.UnitTestAdapter, Microsoft.VisualStudio.QualityTools.Tips.UnitTest.Adapter, Version=10.0.0.0, Culture=neutral, PublicKeyToken=b03f5f7f11d50a3a" className="EknowIDTest.UnitTest1, EknowIDTest, Version=1.0.0.0, Culture=neutral, PublicKeyToken=null" name="GetUsers" />
    </UnitTest>
    <UnitTest name="GetReports" storage="e:\poco\eknowidtest\bin\debug\eknowidtest.dll" id="7541b136-d005-1891-d3da-31ed10bfdab1">
      <Execution id="5eeec476-27b9-4197-8bca-b7c9ea748a3a" />
      <TestMethod codeBase="E:/POCO/EknowIDTest/bin/Debug/EknowIDTest.DLL" adapterTypeName="Microsoft.VisualStudio.TestTools.TestTypes.Unit.UnitTestAdapter, Microsoft.VisualStudio.QualityTools.Tips.UnitTest.Adapter, Version=10.0.0.0, Culture=neutral, PublicKeyToken=b03f5f7f11d50a3a" className="EknowIDTest.UnitTest1, EknowIDTest, Version=1.0.0.0, Culture=neutral, PublicKeyToken=null" name="GetReports" />
    </UnitTest>
  </TestDefinitions>
  <TestLists>
    <TestList name="Results Not in a List" id="8c84fa94-04c1-424b-9868-57a2d4851a1d" />
    <TestList name="All Loaded Results" id="19431567-8539-422a-85d7-44ee4e166bda" />
  </TestLists>
  <TestEntries>
    <TestEntry testId="d4128b70-8d2a-20d8-b8d4-d70dea5e2ffb" executionId="5de44632-e1a3-4385-a446-2f94438438e4" testListId="8c84fa94-04c1-424b-9868-57a2d4851a1d" />
    <TestEntry testId="90ca8dc8-4eab-2d88-0476-e5a2646900cb" executionId="6b34f9c5-ee6d-47d4-bea1-81deff00973e" testListId="8c84fa94-04c1-424b-9868-57a2d4851a1d" />
    <TestEntry testId="7541b136-d005-1891-d3da-31ed10bfdab1" executionId="5eeec476-27b9-4197-8bca-b7c9ea748a3a" testListId="8c84fa94-04c1-424b-9868-57a2d4851a1d" />
    <TestEntry testId="d4f6662f-fcda-4eb6-9adb-c7017f79ec0a" executionId="fcfe1b51-5fa8-4aa5-9245-19c0492fdf1e" testListId="8c84fa94-04c1-424b-9868-57a2d4851a1d" />
  </TestEntries>
  <Results>
    <UnitTestResult executionId="5de44632-e1a3-4385-a446-2f94438438e4" testId="d4128b70-8d2a-20d8-b8d4-d70dea5e2ffb" testName="GetPlans" computerName="618-0152" duration="00:00:27.6000832" startTime="2012-12-12T19:16:54.7578529+05:30" endTime="2012-12-12T19:17:22.3579361+05:30" testType="13cdc9d9-ddb5-4fa4-a97d-d965ccfc6d4b" outcome="Aborted" testListId="8c84fa94-04c1-424b-9868-57a2d4851a1d" relativeResultsDirectory="5de44632-e1a3-4385-a446-2f94438438e4">
    </UnitTestResult>
    <UnitTestResult executionId="6b34f9c5-ee6d-47d4-bea1-81deff00973e" testId="90ca8dc8-4eab-2d88-0476-e5a2646900cb" testName="GetProfessions" computerName="618-0152" testType="13cdc9d9-ddb5-4fa4-a97d-d965ccfc6d4b" outcome="NotExecuted" testListId="8c84fa94-04c1-424b-9868-57a2d4851a1d" relativeResultsDirectory="6b34f9c5-ee6d-47d4-bea1-81deff00973e">
    </UnitTestResult>
    <UnitTestResult executionId="5eeec476-27b9-4197-8bca-b7c9ea748a3a" testId="7541b136-d005-1891-d3da-31ed10bfdab1" testName="GetReports" computerName="618-0152" testType="13cdc9d9-ddb5-4fa4-a97d-d965ccfc6d4b" outcome="NotExecuted" testListId="8c84fa94-04c1-424b-9868-57a2d4851a1d" relativeResultsDirectory="5eeec476-27b9-4197-8bca-b7c9ea748a3a">
    </UnitTestResult>
    <UnitTestResult executionId="fcfe1b51-5fa8-4aa5-9245-19c0492fdf1e" testId="d4f6662f-fcda-4eb6-9adb-c7017f79ec0a" testName="GetUsers" computerName="618-0152" testType="13cdc9d9-ddb5-4fa4-a97d-d965ccfc6d4b" outcome="NotExecuted" testListId="8c84fa94-04c1-424b-9868-57a2d4851a1d" relativeResultsDirectory="fcfe1b51-5fa8-4aa5-9245-19c0492fdf1e">
    </UnitTestResult>
  </Results>
</TestRun>