<?xml version="1.0" encoding="UTF-8"?>
<TestRun id="bc4688ee-17dc-426f-920f-fa01d005dc43" name="Administrator@618-0152 2012-12-12 19:06:33" runUser="618-0152\Administrator" xmlns="http://microsoft.com/schemas/VisualStudio/TeamTest/2010">
  <TestSettings name="Local" id="f72ca1e8-7912-40e1-8c7d-7bd7b61f348f">
    <Description>These are default test settings for a local test run.</Description>
    <Deployment enabled="false" runDeploymentRoot="Administrator_618-0152 2012-12-12 19_06_33">
      <DeploymentItem filename="E:\POCO\EknowIDData\bin\Debug\EknowIDData.dll" />
      <DeploymentItem filename="E:\POCO\EknowIDModel\bin\Debug\EknowIDModel.dll" />
    </Deployment>
    <Execution>
      <TestTypeSpecific />
      <AgentRule name="Execution Agents">
      </AgentRule>
    </Execution>
  </TestSettings>
  <Times creation="2012-12-12T19:06:33.1326419+05:30" queuing="2012-12-12T19:06:33.6816658+05:30" start="2012-12-12T19:06:33.7357018+05:30" finish="2012-12-12T19:06:38.6606705+05:30" />
  <ResultSummary outcome="Completed">
    <Counters total="2" executed="2" passed="2" error="0" failed="0" timeout="0" aborted="0" inconclusive="0" passedButRunAborted="0" notRunnable="0" notExecuted="0" disconnected="0" warning="0" completed="0" inProgress="0" pending="0" />
  </ResultSummary>
  <TestDefinitions>
    <UnitTest name="GetProfessions" storage="e:\poco\eknowidtest\bin\debug\eknowidtest.dll" id="90ca8dc8-4eab-2d88-0476-e5a2646900cb">
      <Execution id="46a79b1d-442f-4e79-a1c0-f5fa5356764a" />
      <TestMethod codeBase="E:/POCO/EknowIDTest/bin/Debug/EknowIDTest.DLL" adapterTypeName="Microsoft.VisualStudio.TestTools.TestTypes.Unit.UnitTestAdapter, Microsoft.VisualStudio.QualityTools.Tips.UnitTest.Adapter, Version=10.0.0.0, Culture=neutral, PublicKeyToken=b03f5f7f11d50a3a" className="EknowIDTest.UnitTest1, EknowIDTest, Version=1.0.0.0, Culture=neutral, PublicKeyToken=null" name="GetProfessions" />
    </UnitTest>
    <UnitTest name="GetPlans" storage="e:\poco\eknowidtest\bin\debug\eknowidtest.dll" id="d4128b70-8d2a-20d8-b8d4-d70dea5e2ffb">
      <Execution id="07d214b0-2ce7-44d7-a6fd-cd6493c2bf8b" />
      <TestMethod codeBase="E:/POCO/EknowIDTest/bin/Debug/EknowIDTest.DLL" adapterTypeName="Microsoft.VisualStudio.TestTools.TestTypes.Unit.UnitTestAdapter, Microsoft.VisualStudio.QualityTools.Tips.UnitTest.Adapter, Version=10.0.0.0, Culture=neutral, PublicKeyToken=b03f5f7f11d50a3a" className="EknowIDTest.UnitTest1, EknowIDTest, Version=1.0.0.0, Culture=neutral, PublicKeyToken=null" name="GetPlans" />
    </UnitTest>
  </TestDefinitions>
  <TestLists>
    <TestList name="Results Not in a List" id="8c84fa94-04c1-424b-9868-57a2d4851a1d" />
    <TestList name="All Loaded Results" id="19431567-8539-422a-85d7-44ee4e166bda" />
  </TestLists>
  <TestEntries>
    <TestEntry testId="d4128b70-8d2a-20d8-b8d4-d70dea5e2ffb" executionId="07d214b0-2ce7-44d7-a6fd-cd6493c2bf8b" testListId="8c84fa94-04c1-424b-9868-57a2d4851a1d" />
    <TestEntry testId="90ca8dc8-4eab-2d88-0476-e5a2646900cb" executionId="46a79b1d-442f-4e79-a1c0-f5fa5356764a" testListId="8c84fa94-04c1-424b-9868-57a2d4851a1d" />
  </TestEntries>
  <Results>
    <UnitTestResult executionId="07d214b0-2ce7-44d7-a6fd-cd6493c2bf8b" testId="d4128b70-8d2a-20d8-b8d4-d70dea5e2ffb" testName="GetPlans" computerName="618-0152" duration="00:00:03.0795613" startTime="2012-12-12T19:06:33.7868654+05:30" endTime="2012-12-12T19:06:37.2514950+05:30" testType="13cdc9d9-ddb5-4fa4-a97d-d965ccfc6d4b" outcome="Passed" testListId="8c84fa94-04c1-424b-9868-57a2d4851a1d" relativeResultsDirectory="07d214b0-2ce7-44d7-a6fd-cd6493c2bf8b">
    </UnitTestResult>
    <UnitTestResult executionId="46a79b1d-442f-4e79-a1c0-f5fa5356764a" testId="90ca8dc8-4eab-2d88-0476-e5a2646900cb" testName="GetProfessions" computerName="618-0152" duration="00:00:01.3008469" startTime="2012-12-12T19:06:37.2564991+05:30" endTime="2012-12-12T19:06:38.5620235+05:30" testType="13cdc9d9-ddb5-4fa4-a97d-d965ccfc6d4b" outcome="Passed" testListId="8c84fa94-04c1-424b-9868-57a2d4851a1d" relativeResultsDirectory="46a79b1d-442f-4e79-a1c0-f5fa5356764a">
    </UnitTestResult>
  </Results>
</TestRun>