<?xml version="1.0" encoding="UTF-8"?>
<TestRun id="78557434-6e42-42d6-bed2-92620bb78d35" name="Administrator@618-0152 2012-12-12 19:37:46" runUser="618-0152\Administrator" xmlns="http://microsoft.com/schemas/VisualStudio/TeamTest/2010">
  <TestSettings name="Local" id="f72ca1e8-7912-40e1-8c7d-7bd7b61f348f">
    <Description>These are default test settings for a local test run.</Description>
    <Deployment enabled="false" runDeploymentRoot="Administrator_618-0152 2012-12-12 19_37_46">
      <DeploymentItem filename="E:\POCO\EknowIDData\bin\Debug\EknowIDData.dll" />
      <DeploymentItem filename="E:\POCO\EknowIDModel\bin\Debug\EknowIDModel.dll" />
    </Deployment>
    <Execution>
      <TestTypeSpecific />
      <AgentRule name="Execution Agents">
      </AgentRule>
    </Execution>
  </TestSettings>
  <Times creation="2012-12-12T19:37:46.7468898+05:30" queuing="2012-12-12T19:37:47.2779033+05:30" start="2012-12-12T19:37:47.3179297+05:30" finish="2012-12-12T19:38:26.2555807+05:30" />
  <ResultSummary outcome="Error">
    <Counters total="6" executed="1" error="0" failed="0" timeout="0" aborted="1" inconclusive="0" passedButRunAborted="0" notRunnable="0" notExecuted="5" disconnected="0" warning="0" passed="0" completed="0" inProgress="0" pending="0" />
    <RunInfos>
      <RunInfo computerName="618-0152" outcome="Error" timestamp="2012-12-12T19:38:26.2545796+05:30">
        <Text>Test host process exited unexpectedly.</Text>
      </RunInfo>
    </RunInfos>
  </ResultSummary>
  <TestDefinitions>
    <UnitTest name="GetStates" storage="e:\poco\eknowidtest\bin\debug\eknowidtest.dll" id="3891f2a6-d55a-a4ea-b69d-49bb6782b390">
      <Execution id="d960415a-49d1-4ca4-923c-4f54d94ae24b" />
      <TestMethod codeBase="E:/POCO/EknowIDTest/bin/Debug/EknowIDTest.DLL" adapterTypeName="Microsoft.VisualStudio.TestTools.TestTypes.Unit.UnitTestAdapter, Microsoft.VisualStudio.QualityTools.Tips.UnitTest.Adapter, Version=10.0.0.0, Culture=neutral, PublicKeyToken=b03f5f7f11d50a3a" className="EknowIDTest.UnitTest1, EknowIDTest, Version=1.0.0.0, Culture=neutral, PublicKeyToken=null" name="GetStates" />
    </UnitTest>
    <UnitTest name="GetProfessions" storage="e:\poco\eknowidtest\bin\debug\eknowidtest.dll" id="90ca8dc8-4eab-2d88-0476-e5a2646900cb">
      <Execution id="478f344f-390d-45bb-b423-2fe95022e577" />
      <TestMethod codeBase="E:/POCO/EknowIDTest/bin/Debug/EknowIDTest.DLL" adapterTypeName="Microsoft.VisualStudio.TestTools.TestTypes.Unit.UnitTestAdapter, Microsoft.VisualStudio.QualityTools.Tips.UnitTest.Adapter, Version=10.0.0.0, Culture=neutral, PublicKeyToken=b03f5f7f11d50a3a" className="EknowIDTest.UnitTest1, EknowIDTest, Version=1.0.0.0, Culture=neutral, PublicKeyToken=null" name="GetProfessions" />
    </UnitTest>
    <UnitTest name="GetReports" storage="e:\poco\eknowidtest\bin\debug\eknowidtest.dll" id="7541b136-d005-1891-d3da-31ed10bfdab1">
      <Execution id="623c28c1-af88-4e05-bc74-c0259ed6b674" />
      <TestMethod codeBase="E:/POCO/EknowIDTest/bin/Debug/EknowIDTest.DLL" adapterTypeName="Microsoft.VisualStudio.TestTools.TestTypes.Unit.UnitTestAdapter, Microsoft.VisualStudio.QualityTools.Tips.UnitTest.Adapter, Version=10.0.0.0, Culture=neutral, PublicKeyToken=b03f5f7f11d50a3a" className="EknowIDTest.UnitTest1, EknowIDTest, Version=1.0.0.0, Culture=neutral, PublicKeyToken=null" name="GetReports" />
    </UnitTest>
    <UnitTest name="GetAccountRef" storage="e:\poco\eknowidtest\bin\debug\eknowidtest.dll" id="ef223821-d864-ab6a-9926-54ac297fc1cf">
      <Execution id="77f0c12a-b7f0-42fd-9ed4-d5471cf5791a" />
      <TestMethod codeBase="E:/POCO/EknowIDTest/bin/Debug/EknowIDTest.DLL" adapterTypeName="Microsoft.VisualStudio.TestTools.TestTypes.Unit.UnitTestAdapter, Microsoft.VisualStudio.QualityTools.Tips.UnitTest.Adapter, Version=10.0.0.0, Culture=neutral, PublicKeyToken=b03f5f7f11d50a3a" className="EknowIDTest.UnitTest1, EknowIDTest, Version=1.0.0.0, Culture=neutral, PublicKeyToken=null" name="GetAccountRef" />
    </UnitTest>
    <UnitTest name="GetUsers" storage="e:\poco\eknowidtest\bin\debug\eknowidtest.dll" id="d4f6662f-fcda-4eb6-9adb-c7017f79ec0a">
      <Execution id="0bc43dbd-5688-476a-9c4a-af9fbf1d3c99" />
      <TestMethod codeBase="E:/POCO/EknowIDTest/bin/Debug/EknowIDTest.DLL" adapterTypeName="Microsoft.VisualStudio.TestTools.TestTypes.Unit.UnitTestAdapter, Microsoft.VisualStudio.QualityTools.Tips.UnitTest.Adapter, Version=10.0.0.0, Culture=neutral, PublicKeyToken=b03f5f7f11d50a3a" className="EknowIDTest.UnitTest1, EknowIDTest, Version=1.0.0.0, Culture=neutral, PublicKeyToken=null" name="GetUsers" />
    </UnitTest>
    <UnitTest name="GetPlans" storage="e:\poco\eknowidtest\bin\debug\eknowidtest.dll" id="d4128b70-8d2a-20d8-b8d4-d70dea5e2ffb">
      <Execution id="31399d0e-1cc7-4c2f-9579-a9001d9ad492" />
      <TestMethod codeBase="E:/POCO/EknowIDTest/bin/Debug/EknowIDTest.DLL" adapterTypeName="Microsoft.VisualStudio.TestTools.TestTypes.Unit.UnitTestAdapter, Microsoft.VisualStudio.QualityTools.Tips.UnitTest.Adapter, Version=10.0.0.0, Culture=neutral, PublicKeyToken=b03f5f7f11d50a3a" className="EknowIDTest.UnitTest1, EknowIDTest, Version=1.0.0.0, Culture=neutral, PublicKeyToken=null" name="GetPlans" />
    </UnitTest>
  </TestDefinitions>
  <TestLists>
    <TestList name="Results Not in a List" id="8c84fa94-04c1-424b-9868-57a2d4851a1d" />
    <TestList name="All Loaded Results" id="19431567-8539-422a-85d7-44ee4e166bda" />
  </TestLists>
  <TestEntries>
    <TestEntry testId="d4128b70-8d2a-20d8-b8d4-d70dea5e2ffb" executionId="31399d0e-1cc7-4c2f-9579-a9001d9ad492" testListId="8c84fa94-04c1-424b-9868-57a2d4851a1d" />
    <TestEntry testId="90ca8dc8-4eab-2d88-0476-e5a2646900cb" executionId="478f344f-390d-45bb-b423-2fe95022e577" testListId="8c84fa94-04c1-424b-9868-57a2d4851a1d" />
    <TestEntry testId="7541b136-d005-1891-d3da-31ed10bfdab1" executionId="623c28c1-af88-4e05-bc74-c0259ed6b674" testListId="8c84fa94-04c1-424b-9868-57a2d4851a1d" />
    <TestEntry testId="3891f2a6-d55a-a4ea-b69d-49bb6782b390" executionId="d960415a-49d1-4ca4-923c-4f54d94ae24b" testListId="8c84fa94-04c1-424b-9868-57a2d4851a1d" />
    <TestEntry testId="ef223821-d864-ab6a-9926-54ac297fc1cf" executionId="77f0c12a-b7f0-42fd-9ed4-d5471cf5791a" testListId="8c84fa94-04c1-424b-9868-57a2d4851a1d" />
    <TestEntry testId="d4f6662f-fcda-4eb6-9adb-c7017f79ec0a" executionId="0bc43dbd-5688-476a-9c4a-af9fbf1d3c99" testListId="8c84fa94-04c1-424b-9868-57a2d4851a1d" />
  </TestEntries>
  <Results>
    <UnitTestResult executionId="31399d0e-1cc7-4c2f-9579-a9001d9ad492" testId="d4128b70-8d2a-20d8-b8d4-d70dea5e2ffb" testName="GetPlans" computerName="618-0152" duration="00:00:38.8936214" startTime="2012-12-12T19:37:47.3619593+05:30" endTime="2012-12-12T19:38:26.2555807+05:30" testType="13cdc9d9-ddb5-4fa4-a97d-d965ccfc6d4b" outcome="Aborted" testListId="8c84fa94-04c1-424b-9868-57a2d4851a1d" relativeResultsDirectory="31399d0e-1cc7-4c2f-9579-a9001d9ad492">
    </UnitTestResult>
    <UnitTestResult executionId="478f344f-390d-45bb-b423-2fe95022e577" testId="90ca8dc8-4eab-2d88-0476-e5a2646900cb" testName="GetProfessions" computerName="618-0152" testType="13cdc9d9-ddb5-4fa4-a97d-d965ccfc6d4b" outcome="NotExecuted" testListId="8c84fa94-04c1-424b-9868-57a2d4851a1d" relativeResultsDirectory="478f344f-390d-45bb-b423-2fe95022e577">
    </UnitTestResult>
    <UnitTestResult executionId="623c28c1-af88-4e05-bc74-c0259ed6b674" testId="7541b136-d005-1891-d3da-31ed10bfdab1" testName="GetReports" computerName="618-0152" testType="13cdc9d9-ddb5-4fa4-a97d-d965ccfc6d4b" outcome="NotExecuted" testListId="8c84fa94-04c1-424b-9868-57a2d4851a1d" relativeResultsDirectory="623c28c1-af88-4e05-bc74-c0259ed6b674">
    </UnitTestResult>
    <UnitTestResult executionId="d960415a-49d1-4ca4-923c-4f54d94ae24b" testId="3891f2a6-d55a-a4ea-b69d-49bb6782b390" testName="GetStates" computerName="618-0152" testType="13cdc9d9-ddb5-4fa4-a97d-d965ccfc6d4b" outcome="NotExecuted" testListId="8c84fa94-04c1-424b-9868-57a2d4851a1d" relativeResultsDirectory="d960415a-49d1-4ca4-923c-4f54d94ae24b">
    </UnitTestResult>
    <UnitTestResult executionId="77f0c12a-b7f0-42fd-9ed4-d5471cf5791a" testId="ef223821-d864-ab6a-9926-54ac297fc1cf" testName="GetAccountRef" computerName="618-0152" testType="13cdc9d9-ddb5-4fa4-a97d-d965ccfc6d4b" outcome="NotExecuted" testListId="8c84fa94-04c1-424b-9868-57a2d4851a1d" relativeResultsDirectory="77f0c12a-b7f0-42fd-9ed4-d5471cf5791a">
    </UnitTestResult>
    <UnitTestResult executionId="0bc43dbd-5688-476a-9c4a-af9fbf1d3c99" testId="d4f6662f-fcda-4eb6-9adb-c7017f79ec0a" testName="GetUsers" computerName="618-0152" testType="13cdc9d9-ddb5-4fa4-a97d-d965ccfc6d4b" outcome="NotExecuted" testListId="8c84fa94-04c1-424b-9868-57a2d4851a1d" relativeResultsDirectory="0bc43dbd-5688-476a-9c4a-af9fbf1d3c99">
    </UnitTestResult>
  </Results>
</TestRun>